<?xml version="1.0" encoding="UTF-8"?>
<testng-results ignored="0" total="1" passed="1" failed="0" skipped="0">
  <reporter-output>
  </reporter-output>
  <suite started-at="2025-03-19T22:03:39 CET" name="Default suite" finished-at="2025-03-19T22:03:40 CET" duration-ms="964">
    <groups>
    </groups>
    <test started-at="2025-03-19T22:03:39 CET" name="Default test" finished-at="2025-03-19T22:03:40 CET" duration-ms="964">
      <class name="com.api.tests.LoginAPITest1">
        <test-method signature="loginTest()[pri:0, instance:com.api.tests.LoginAPITest1@123ef382]" started-at="2025-03-19T22:03:39 CET" name="loginTest" description="Verfy Login API" finished-at="2025-03-19T22:03:40 CET" duration-ms="947" status="PASS">
          <reporter-output>
          </reporter-output>
        </test-method> <!-- loginTest -->
      </class> <!-- com.api.tests.LoginAPITest1 -->
    </test> <!-- Default test -->
  </suite> <!-- Default suite -->
</testng-results>
